Traceback (most recent call last):
  File "/Users/davidmoench/.local/share/virtualenvs/jupyterbook-eAO5T2Nm/lib/python3.10/site-packages/jupyter_cache/executors/utils.py", line 58, in single_nb_execution
    executenb(
  File "/Users/davidmoench/.local/share/virtualenvs/jupyterbook-eAO5T2Nm/lib/python3.10/site-packages/nbclient/client.py", line 1305, in execute
    return NotebookClient(nb=nb, resources=resources, km=km, **kwargs).execute()
  File "/Users/davidmoench/.local/share/virtualenvs/jupyterbook-eAO5T2Nm/lib/python3.10/site-packages/jupyter_core/utils/__init__.py", line 166, in wrapped
    return loop.run_until_complete(inner)
  File "/Users/davidmoench/.pyenv/versions/3.10.0/lib/python3.10/asyncio/base_events.py", line 641, in run_until_complete
    return future.result()
  File "/Users/davidmoench/.local/share/virtualenvs/jupyterbook-eAO5T2Nm/lib/python3.10/site-packages/nbclient/client.py", line 705, in async_execute
    await self.async_execute_cell(
  File "/Users/davidmoench/.local/share/virtualenvs/jupyterbook-eAO5T2Nm/lib/python3.10/site-packages/nbclient/client.py", line 1058, in async_execute_cell
    await self._check_raise_for_error(cell, cell_index, exec_reply)
  File "/Users/davidmoench/.local/share/virtualenvs/jupyterbook-eAO5T2Nm/lib/python3.10/site-packages/nbclient/client.py", line 914, in _check_raise_for_error
    raise CellExecutionError.from_cell_and_msg(cell, exec_reply_content)
nbclient.exceptions.CellExecutionError: An error occurred while executing the following cell:
------------------
# Initialize filter state
# Guess the position somewhat accurately, leave the velocity and acceleration state guesses as 0
x_0 = np.array([1, 2, 0, 0.1, 0, 0])
P_0 = np.eye(6) * 50 # Start with very low confidence in predictions

# Assume we can configure the system's process and measurement noise params correctly
Q = Q_true
R = R_true

xs, Ps = kalman_6d(zs, R, Q, x_0, P_0)
    
# Extract covariances for position, velocity, and acceleration
pos_vars, vel_vars, acc_vars = utils.separate_covar_series(Ps)
    
# Plot track, measurements, and estimate for position
fig, ax = plt.subplots(figsize=(10,6))
ax.plot(true_xs[:,0], true_xs[:,3], label=r'$\vec{x}$',  marker='o', markersize=2)
ax.plot(xs[:,0], xs[:,3], label=r'$\hat{x}$',  marker='o', markersize=2)
ax.plot(zs[:,0], zs[:,1], label=r'$\vec{z}$', marker='o', linestyle='none', markersize=2)
ax.set_title('Kalman position estimate')
ax.set_xlabel('x position')
ax.set_ylabel('y position')
ax.legend()
plt.show()
glue('mv_kf_pos', fig, display=False)

# Plot track, measurements, and estimate for pos, vel, acc in a tight figure
fig, ax = plt.subplots(nrows=1, ncols=3, figsize=(10,3.5))
ax[0].plot(true_xs[:,0], true_xs[:,3], label=r'$\vec{x}$',  marker='o', markersize=2)
ax[0].plot(xs[:,0], xs[:,3], label=r'$\hat{x}$',  marker='o', markersize=2)
ax[0].plot(zs[:,0], zs[:,1], label=r'$\vec{z}$', marker='o', linestyle='none', markersize=2)
ax[0].set_title('Kalman position estimate')
ax[0].set_xlabel('x position')
ax[0].set_ylabel('y position')
ax[0].legend()
ax[1].plot(true_xs[:,1], true_xs[:,4], label=r'$\vec{x}$',  marker='o', markersize=2)
ax[1].plot(xs[:,1], xs[:,4], label=r'$\hat{x}$',  marker='o', markersize=2)
ax[1].set_title('Kalman velocity estimate')
ax[1].set_xlabel('x velocity')
ax[1].set_ylabel('y velocity')
ax[1].legend()
ax[2].plot(true_xs[:,2], true_xs[:,5], label=r'$\vec{x}$',  marker='o', markersize=2)
ax[2].plot(xs[:,2], xs[:,5], label=r'$\hat{x}$',  marker='o', markersize=2)
ax[2].set_title('Kalman acceleration estimate')
ax[2].set_xlabel('x acceleration')
ax[2].set_ylabel('y acceleration')
ax[2].legend()
fig.tight_layout()
plt.show()
glue('mv_kf_pos_vel_acc', fig, display=False)

# Plot positional variance
fig, ax = plt.subplots(nrows=1, ncols=3, figsize=(10,3.5))
ax[0].plot(np.arange(0,N), pos_vars[:,0,0], label=r'$\sigma_x$')
ax[0].plot(np.arange(0,N), pos_vars[:,1,1], label=r'$\sigma_y$')
ax[0].set_title('Position estimate variances')
ax[0].set_xlabel('t')
ax[0].set_ylabel(r'$\sigma^2$')
ax[0].legend()
ax[1].plot(np.arange(0,N), vel_vars[:,0,0], label=r'$\sigma_{\dot{x}}$')
ax[1].plot(np.arange(0,N), vel_vars[:,1,1], label=r'$\sigma_{\dot{y}}$')
ax[1].set_title('Velocity estimate variance')
ax[1].set_xlabel('t')
ax[1].set_ylabel(r'$\sigma^2$')
ax[1].legend()
ax[2].plot(np.arange(0,N), acc_vars[:,0,0], label=r'$\sigma_{\ddot{x}}$')
ax[2].plot(np.arange(0,N), acc_vars[:,1,1], label=r'$\sigma_{\ddot{y}}$')
ax[2].set_title('Acceleration estimate variance')
ax[2].set_xlabel('t')
ax[2].set_ylabel(r'$\sigma^2$')
ax[2].legend()
fig.tight_layout()
plt.show()
glue('mv_kf_pva_variances', fig, display=False)

# TODO could plot x and y pos, vel, and acc as functions of t.
# TODO Plot x(t) and vel_x(t) slopes overlaid
------------------


[0;31m---------------------------------------------------------------------------[0m
[0;31mKeyboardInterrupt[0m                         Traceback (most recent call last)
Cell [0;32mIn[11], line 24[0m
[1;32m     22[0m ax[38;5;241m.[39mset_ylabel([38;5;124m'[39m[38;5;124my position[39m[38;5;124m'[39m)
[1;32m     23[0m ax[38;5;241m.[39mlegend()
[0;32m---> 24[0m [43mplt[49m[38;5;241;43m.[39;49m[43mshow[49m[43m([49m[43m)[49m
[1;32m     25[0m glue([38;5;124m'[39m[38;5;124mmv_kf_pos[39m[38;5;124m'[39m, fig, display[38;5;241m=[39m[38;5;28;01mFalse[39;00m)
[1;32m     27[0m [38;5;66;03m# Plot track, measurements, and estimate for pos, vel, acc in a tight figure[39;00m

File [0;32m~/.local/share/virtualenvs/jupyterbook-eAO5T2Nm/lib/python3.10/site-packages/matplotlib/pyplot.py:446[0m, in [0;36mshow[0;34m(*args, **kwargs)[0m
[1;32m    402[0m [38;5;250m[39m[38;5;124;03m"""[39;00m
[1;32m    403[0m [38;5;124;03mDisplay all open figures.[39;00m
[1;32m    404[0m 
[0;32m   (...)[0m
[1;32m    443[0m [38;5;124;03mexplicitly there.[39;00m
[1;32m    444[0m [38;5;124;03m"""[39;00m
[1;32m    445[0m _warn_if_gui_out_of_main_thread()
[0;32m--> 446[0m [38;5;28;01mreturn[39;00m [43m_get_backend_mod[49m[43m([49m[43m)[49m[38;5;241;43m.[39;49m[43mshow[49m[43m([49m[38;5;241;43m*[39;49m[43margs[49m[43m,[49m[43m [49m[38;5;241;43m*[39;49m[38;5;241;43m*[39;49m[43mkwargs[49m[43m)[49m

File [0;32m~/.local/share/virtualenvs/jupyterbook-eAO5T2Nm/lib/python3.10/site-packages/matplotlib_inline/backend_inline.py:90[0m, in [0;36mshow[0;34m(close, block)[0m
[1;32m     88[0m [38;5;28;01mtry[39;00m:
[1;32m     89[0m     [38;5;28;01mfor[39;00m figure_manager [38;5;129;01min[39;00m Gcf[38;5;241m.[39mget_all_fig_managers():
[0;32m---> 90[0m         [43mdisplay[49m[43m([49m
[1;32m     91[0m [43m            [49m[43mfigure_manager[49m[38;5;241;43m.[39;49m[43mcanvas[49m[38;5;241;43m.[39;49m[43mfigure[49m[43m,[49m
[1;32m     92[0m [43m            [49m[43mmetadata[49m[38;5;241;43m=[39;49m[43m_fetch_figure_metadata[49m[43m([49m[43mfigure_manager[49m[38;5;241;43m.[39;49m[43mcanvas[49m[38;5;241;43m.[39;49m[43mfigure[49m[43m)[49m
[1;32m     93[0m [43m        [49m[43m)[49m
[1;32m     94[0m [38;5;28;01mfinally[39;00m:
[1;32m     95[0m     show[38;5;241m.[39m_to_draw [38;5;241m=[39m []

File [0;32m~/.local/share/virtualenvs/jupyterbook-eAO5T2Nm/lib/python3.10/site-packages/IPython/core/display_functions.py:298[0m, in [0;36mdisplay[0;34m(include, exclude, metadata, transient, display_id, raw, clear, *objs, **kwargs)[0m
[1;32m    296[0m     publish_display_data(data[38;5;241m=[39mobj, metadata[38;5;241m=[39mmetadata, [38;5;241m*[39m[38;5;241m*[39mkwargs)
[1;32m    297[0m [38;5;28;01melse[39;00m:
[0;32m--> 298[0m     format_dict, md_dict [38;5;241m=[39m [38;5;28;43mformat[39;49m[43m([49m[43mobj[49m[43m,[49m[43m [49m[43minclude[49m[38;5;241;43m=[39;49m[43minclude[49m[43m,[49m[43m [49m[43mexclude[49m[38;5;241;43m=[39;49m[43mexclude[49m[43m)[49m
[1;32m    299[0m     [38;5;28;01mif[39;00m [38;5;129;01mnot[39;00m format_dict:
[1;32m    300[0m         [38;5;66;03m# nothing to display (e.g. _ipython_display_ took over)[39;00m
[1;32m    301[0m         [38;5;28;01mcontinue[39;00m

File [0;32m~/.local/share/virtualenvs/jupyterbook-eAO5T2Nm/lib/python3.10/site-packages/IPython/core/formatters.py:179[0m, in [0;36mDisplayFormatter.format[0;34m(self, obj, include, exclude)[0m
[1;32m    177[0m md [38;5;241m=[39m [38;5;28;01mNone[39;00m
[1;32m    178[0m [38;5;28;01mtry[39;00m:
[0;32m--> 179[0m     data [38;5;241m=[39m [43mformatter[49m[43m([49m[43mobj[49m[43m)[49m
[1;32m    180[0m [38;5;28;01mexcept[39;00m:
[1;32m    181[0m     [38;5;66;03m# FIXME: log the exception[39;00m
[1;32m    182[0m     [38;5;28;01mraise[39;00m

File [0;32m~/.local/share/virtualenvs/jupyterbook-eAO5T2Nm/lib/python3.10/site-packages/decorator.py:232[0m, in [0;36mdecorate.<locals>.fun[0;34m(*args, **kw)[0m
[1;32m    230[0m [38;5;28;01mif[39;00m [38;5;129;01mnot[39;00m kwsyntax:
[1;32m    231[0m     args, kw [38;5;241m=[39m fix(args, kw, sig)
[0;32m--> 232[0m [38;5;28;01mreturn[39;00m [43mcaller[49m[43m([49m[43mfunc[49m[43m,[49m[43m [49m[38;5;241;43m*[39;49m[43m([49m[43mextras[49m[43m [49m[38;5;241;43m+[39;49m[43m [49m[43margs[49m[43m)[49m[43m,[49m[43m [49m[38;5;241;43m*[39;49m[38;5;241;43m*[39;49m[43mkw[49m[43m)[49m

File [0;32m~/.local/share/virtualenvs/jupyterbook-eAO5T2Nm/lib/python3.10/site-packages/IPython/core/formatters.py:223[0m, in [0;36mcatch_format_error[0;34m(method, self, *args, **kwargs)[0m
[1;32m    221[0m [38;5;250m[39m[38;5;124;03m"""show traceback on failed format call"""[39;00m
[1;32m    222[0m [38;5;28;01mtry[39;00m:
[0;32m--> 223[0m     r [38;5;241m=[39m [43mmethod[49m[43m([49m[38;5;28;43mself[39;49m[43m,[49m[43m [49m[38;5;241;43m*[39;49m[43margs[49m[43m,[49m[43m [49m[38;5;241;43m*[39;49m[38;5;241;43m*[39;49m[43mkwargs[49m[43m)[49m
[1;32m    224[0m [38;5;28;01mexcept[39;00m [38;5;167;01mNotImplementedError[39;00m:
[1;32m    225[0m     [38;5;66;03m# don't warn on NotImplementedErrors[39;00m
[1;32m    226[0m     [38;5;28;01mreturn[39;00m [38;5;28mself[39m[38;5;241m.[39m_check_return([38;5;28;01mNone[39;00m, args[[38;5;241m0[39m])

File [0;32m~/.local/share/virtualenvs/jupyterbook-eAO5T2Nm/lib/python3.10/site-packages/IPython/core/formatters.py:340[0m, in [0;36mBaseFormatter.__call__[0;34m(self, obj)[0m
[1;32m    338[0m     [38;5;28;01mpass[39;00m
[1;32m    339[0m [38;5;28;01melse[39;00m:
[0;32m--> 340[0m     [38;5;28;01mreturn[39;00m [43mprinter[49m[43m([49m[43mobj[49m[43m)[49m
[1;32m    341[0m [38;5;66;03m# Finally look for special method names[39;00m
[1;32m    342[0m method [38;5;241m=[39m get_real_method(obj, [38;5;28mself[39m[38;5;241m.[39mprint_method)

File [0;32m~/.local/share/virtualenvs/jupyterbook-eAO5T2Nm/lib/python3.10/site-packages/IPython/core/pylabtools.py:152[0m, in [0;36mprint_figure[0;34m(fig, fmt, bbox_inches, base64, **kwargs)[0m
[1;32m    149[0m     [38;5;28;01mfrom[39;00m [38;5;21;01mmatplotlib[39;00m[38;5;21;01m.[39;00m[38;5;21;01mbackend_bases[39;00m [38;5;28;01mimport[39;00m FigureCanvasBase
[1;32m    150[0m     FigureCanvasBase(fig)
[0;32m--> 152[0m [43mfig[49m[38;5;241;43m.[39;49m[43mcanvas[49m[38;5;241;43m.[39;49m[43mprint_figure[49m[43m([49m[43mbytes_io[49m[43m,[49m[43m [49m[38;5;241;43m*[39;49m[38;5;241;43m*[39;49m[43mkw[49m[43m)[49m
[1;32m    153[0m data [38;5;241m=[39m bytes_io[38;5;241m.[39mgetvalue()
[1;32m    154[0m [38;5;28;01mif[39;00m fmt [38;5;241m==[39m [38;5;124m'[39m[38;5;124msvg[39m[38;5;124m'[39m:

File [0;32m~/.local/share/virtualenvs/jupyterbook-eAO5T2Nm/lib/python3.10/site-packages/matplotlib/backend_bases.py:2342[0m, in [0;36mFigureCanvasBase.print_figure[0;34m(self, filename, dpi, facecolor, edgecolor, orientation, format, bbox_inches, pad_inches, bbox_extra_artists, backend, **kwargs)[0m
[1;32m   2336[0m     renderer [38;5;241m=[39m _get_renderer(
[1;32m   2337[0m         [38;5;28mself[39m[38;5;241m.[39mfigure,
[1;32m   2338[0m         functools[38;5;241m.[39mpartial(
[1;32m   2339[0m             print_method, orientation[38;5;241m=[39morientation)
[1;32m   2340[0m     )
[1;32m   2341[0m     [38;5;28;01mwith[39;00m [38;5;28mgetattr[39m(renderer, [38;5;124m"[39m[38;5;124m_draw_disabled[39m[38;5;124m"[39m, nullcontext)():
[0;32m-> 2342[0m         [38;5;28;43mself[39;49m[38;5;241;43m.[39;49m[43mfigure[49m[38;5;241;43m.[39;49m[43mdraw[49m[43m([49m[43mrenderer[49m[43m)[49m
[1;32m   2344[0m [38;5;28;01mif[39;00m bbox_inches:
[1;32m   2345[0m     [38;5;28;01mif[39;00m bbox_inches [38;5;241m==[39m [38;5;124m"[39m[38;5;124mtight[39m[38;5;124m"[39m:

File [0;32m~/.local/share/virtualenvs/jupyterbook-eAO5T2Nm/lib/python3.10/site-packages/matplotlib/artist.py:95[0m, in [0;36m_finalize_rasterization.<locals>.draw_wrapper[0;34m(artist, renderer, *args, **kwargs)[0m
[1;32m     93[0m [38;5;129m@wraps[39m(draw)
[1;32m     94[0m [38;5;28;01mdef[39;00m [38;5;21mdraw_wrapper[39m(artist, renderer, [38;5;241m*[39margs, [38;5;241m*[39m[38;5;241m*[39mkwargs):
[0;32m---> 95[0m     result [38;5;241m=[39m [43mdraw[49m[43m([49m[43martist[49m[43m,[49m[43m [49m[43mrenderer[49m[43m,[49m[43m [49m[38;5;241;43m*[39;49m[43margs[49m[43m,[49m[43m [49m[38;5;241;43m*[39;49m[38;5;241;43m*[39;49m[43mkwargs[49m[43m)[49m
[1;32m     96[0m     [38;5;28;01mif[39;00m renderer[38;5;241m.[39m_rasterizing:
[1;32m     97[0m         renderer[38;5;241m.[39mstop_rasterizing()

File [0;32m~/.local/share/virtualenvs/jupyterbook-eAO5T2Nm/lib/python3.10/site-packages/matplotlib/artist.py:72[0m, in [0;36mallow_rasterization.<locals>.draw_wrapper[0;34m(artist, renderer)[0m
[1;32m     69[0m     [38;5;28;01mif[39;00m artist[38;5;241m.[39mget_agg_filter() [38;5;129;01mis[39;00m [38;5;129;01mnot[39;00m [38;5;28;01mNone[39;00m:
[1;32m     70[0m         renderer[38;5;241m.[39mstart_filter()
[0;32m---> 72[0m     [38;5;28;01mreturn[39;00m [43mdraw[49m[43m([49m[43martist[49m[43m,[49m[43m [49m[43mrenderer[49m[43m)[49m
[1;32m     73[0m [38;5;28;01mfinally[39;00m:
[1;32m     74[0m     [38;5;28;01mif[39;00m artist[38;5;241m.[39mget_agg_filter() [38;5;129;01mis[39;00m [38;5;129;01mnot[39;00m [38;5;28;01mNone[39;00m:

File [0;32m~/.local/share/virtualenvs/jupyterbook-eAO5T2Nm/lib/python3.10/site-packages/matplotlib/figure.py:3175[0m, in [0;36mFigure.draw[0;34m(self, renderer)[0m
[1;32m   3172[0m         [38;5;66;03m# ValueError can occur when resizing a window.[39;00m
[1;32m   3174[0m [38;5;28mself[39m[38;5;241m.[39mpatch[38;5;241m.[39mdraw(renderer)
[0;32m-> 3175[0m [43mmimage[49m[38;5;241;43m.[39;49m[43m_draw_list_compositing_images[49m[43m([49m
[1;32m   3176[0m [43m    [49m[43mrenderer[49m[43m,[49m[43m [49m[38;5;28;43mself[39;49m[43m,[49m[43m [49m[43martists[49m[43m,[49m[43m [49m[38;5;28;43mself[39;49m[38;5;241;43m.[39;49m[43msuppressComposite[49m[43m)[49m
[1;32m   3178[0m [38;5;28;01mfor[39;00m sfig [38;5;129;01min[39;00m [38;5;28mself[39m[38;5;241m.[39msubfigs:
[1;32m   3179[0m     sfig[38;5;241m.[39mdraw(renderer)

File [0;32m~/.local/share/virtualenvs/jupyterbook-eAO5T2Nm/lib/python3.10/site-packages/matplotlib/image.py:131[0m, in [0;36m_draw_list_compositing_images[0;34m(renderer, parent, artists, suppress_composite)[0m
[1;32m    129[0m [38;5;28;01mif[39;00m not_composite [38;5;129;01mor[39;00m [38;5;129;01mnot[39;00m has_images:
[1;32m    130[0m     [38;5;28;01mfor[39;00m a [38;5;129;01min[39;00m artists:
[0;32m--> 131[0m         [43ma[49m[38;5;241;43m.[39;49m[43mdraw[49m[43m([49m[43mrenderer[49m[43m)[49m
[1;32m    132[0m [38;5;28;01melse[39;00m:
[1;32m    133[0m     [38;5;66;03m# Composite any adjacent images together[39;00m
[1;32m    134[0m     image_group [38;5;241m=[39m []

File [0;32m~/.local/share/virtualenvs/jupyterbook-eAO5T2Nm/lib/python3.10/site-packages/matplotlib/artist.py:72[0m, in [0;36mallow_rasterization.<locals>.draw_wrapper[0;34m(artist, renderer)[0m
[1;32m     69[0m     [38;5;28;01mif[39;00m artist[38;5;241m.[39mget_agg_filter() [38;5;129;01mis[39;00m [38;5;129;01mnot[39;00m [38;5;28;01mNone[39;00m:
[1;32m     70[0m         renderer[38;5;241m.[39mstart_filter()
[0;32m---> 72[0m     [38;5;28;01mreturn[39;00m [43mdraw[49m[43m([49m[43martist[49m[43m,[49m[43m [49m[43mrenderer[49m[43m)[49m
[1;32m     73[0m [38;5;28;01mfinally[39;00m:
[1;32m     74[0m     [38;5;28;01mif[39;00m artist[38;5;241m.[39mget_agg_filter() [38;5;129;01mis[39;00m [38;5;129;01mnot[39;00m [38;5;28;01mNone[39;00m:

File [0;32m~/.local/share/virtualenvs/jupyterbook-eAO5T2Nm/lib/python3.10/site-packages/matplotlib/axes/_base.py:3028[0m, in [0;36m_AxesBase.draw[0;34m(self, renderer)[0m
[1;32m   3025[0m     [38;5;28;01mfor[39;00m spine [38;5;129;01min[39;00m [38;5;28mself[39m[38;5;241m.[39mspines[38;5;241m.[39mvalues():
[1;32m   3026[0m         artists[38;5;241m.[39mremove(spine)
[0;32m-> 3028[0m [38;5;28;43mself[39;49m[38;5;241;43m.[39;49m[43m_update_title_position[49m[43m([49m[43mrenderer[49m[43m)[49m
[1;32m   3030[0m [38;5;28;01mif[39;00m [38;5;129;01mnot[39;00m [38;5;28mself[39m[38;5;241m.[39maxison:
[1;32m   3031[0m     [38;5;28;01mfor[39;00m _axis [38;5;129;01min[39;00m [38;5;28mself[39m[38;5;241m.[39m_axis_map[38;5;241m.[39mvalues():

File [0;32m~/.local/share/virtualenvs/jupyterbook-eAO5T2Nm/lib/python3.10/site-packages/matplotlib/axes/_base.py:2972[0m, in [0;36m_AxesBase._update_title_position[0;34m(self, renderer)[0m
[1;32m   2970[0m top [38;5;241m=[39m [38;5;28mmax[39m(top, bb[38;5;241m.[39mymax)
[1;32m   2971[0m [38;5;28;01mif[39;00m title[38;5;241m.[39mget_text():
[0;32m-> 2972[0m     [43max[49m[38;5;241;43m.[39;49m[43myaxis[49m[38;5;241;43m.[39;49m[43mget_tightbbox[49m[43m([49m[43mrenderer[49m[43m)[49m  [38;5;66;03m# update offsetText[39;00m
[1;32m   2973[0m     [38;5;28;01mif[39;00m ax[38;5;241m.[39myaxis[38;5;241m.[39moffsetText[38;5;241m.[39mget_text():
[1;32m   2974[0m         bb [38;5;241m=[39m ax[38;5;241m.[39myaxis[38;5;241m.[39moffsetText[38;5;241m.[39mget_tightbbox(renderer)

File [0;32m~/.local/share/virtualenvs/jupyterbook-eAO5T2Nm/lib/python3.10/site-packages/matplotlib/axis.py:1323[0m, in [0;36mAxis.get_tightbbox[0;34m(self, renderer, for_layout_only)[0m
[1;32m   1321[0m [38;5;28;01mif[39;00m renderer [38;5;129;01mis[39;00m [38;5;28;01mNone[39;00m:
[1;32m   1322[0m     renderer [38;5;241m=[39m [38;5;28mself[39m[38;5;241m.[39mfigure[38;5;241m.[39m_get_renderer()
[0;32m-> 1323[0m ticks_to_draw [38;5;241m=[39m [38;5;28;43mself[39;49m[38;5;241;43m.[39;49m[43m_update_ticks[49m[43m([49m[43m)[49m
[1;32m   1325[0m [38;5;28mself[39m[38;5;241m.[39m_update_label_position(renderer)
[1;32m   1327[0m [38;5;66;03m# go back to just this axis's tick labels[39;00m

File [0;32m~/.local/share/virtualenvs/jupyterbook-eAO5T2Nm/lib/python3.10/site-packages/matplotlib/axis.py:1264[0m, in [0;36mAxis._update_ticks[0;34m(self)[0m
[1;32m   1262[0m major_locs [38;5;241m=[39m [38;5;28mself[39m[38;5;241m.[39mget_majorticklocs()
[1;32m   1263[0m major_labels [38;5;241m=[39m [38;5;28mself[39m[38;5;241m.[39mmajor[38;5;241m.[39mformatter[38;5;241m.[39mformat_ticks(major_locs)
[0;32m-> 1264[0m major_ticks [38;5;241m=[39m [38;5;28;43mself[39;49m[38;5;241;43m.[39;49m[43mget_major_ticks[49m[43m([49m[38;5;28;43mlen[39;49m[43m([49m[43mmajor_locs[49m[43m)[49m[43m)[49m
[1;32m   1265[0m [38;5;28mself[39m[38;5;241m.[39mmajor[38;5;241m.[39mformatter[38;5;241m.[39mset_locs(major_locs)
[1;32m   1266[0m [38;5;28;01mfor[39;00m tick, loc, label [38;5;129;01min[39;00m [38;5;28mzip[39m(major_ticks, major_locs, major_labels):

File [0;32m~/.local/share/virtualenvs/jupyterbook-eAO5T2Nm/lib/python3.10/site-packages/matplotlib/axis.py:1602[0m, in [0;36mAxis.get_major_ticks[0;34m(self, numticks)[0m
[1;32m   1598[0m     numticks [38;5;241m=[39m [38;5;28mlen[39m([38;5;28mself[39m[38;5;241m.[39mget_majorticklocs())
[1;32m   1600[0m [38;5;28;01mwhile[39;00m [38;5;28mlen[39m([38;5;28mself[39m[38;5;241m.[39mmajorTicks) [38;5;241m<[39m numticks:
[1;32m   1601[0m     [38;5;66;03m# Update the new tick label properties from the old.[39;00m
[0;32m-> 1602[0m     tick [38;5;241m=[39m [38;5;28;43mself[39;49m[38;5;241;43m.[39;49m[43m_get_tick[49m[43m([49m[43mmajor[49m[38;5;241;43m=[39;49m[38;5;28;43;01mTrue[39;49;00m[43m)[49m
[1;32m   1603[0m     [38;5;28mself[39m[38;5;241m.[39mmajorTicks[38;5;241m.[39mappend(tick)
[1;32m   1604[0m     [38;5;28mself[39m[38;5;241m.[39m_copy_tick_props([38;5;28mself[39m[38;5;241m.[39mmajorTicks[[38;5;241m0[39m], tick)

File [0;32m~/.local/share/virtualenvs/jupyterbook-eAO5T2Nm/lib/python3.10/site-packages/matplotlib/axis.py:1551[0m, in [0;36mAxis._get_tick[0;34m(self, major)[0m
[1;32m   1547[0m     [38;5;28;01mraise[39;00m [38;5;167;01mNotImplementedError[39;00m(
[1;32m   1548[0m         [38;5;124mf[39m[38;5;124m"[39m[38;5;124mThe Axis subclass [39m[38;5;132;01m{[39;00m[38;5;28mself[39m[38;5;241m.[39m[38;5;18m__class__[39m[38;5;241m.[39m[38;5;18m__name__[39m[38;5;132;01m}[39;00m[38;5;124m must define [39m[38;5;124m"[39m
[1;32m   1549[0m         [38;5;124m"[39m[38;5;124m_tick_class or reimplement _get_tick()[39m[38;5;124m"[39m)
[1;32m   1550[0m tick_kw [38;5;241m=[39m [38;5;28mself[39m[38;5;241m.[39m_major_tick_kw [38;5;28;01mif[39;00m major [38;5;28;01melse[39;00m [38;5;28mself[39m[38;5;241m.[39m_minor_tick_kw
[0;32m-> 1551[0m [38;5;28;01mreturn[39;00m [38;5;28;43mself[39;49m[38;5;241;43m.[39;49m[43m_tick_class[49m[43m([49m[38;5;28;43mself[39;49m[38;5;241;43m.[39;49m[43maxes[49m[43m,[49m[43m [49m[38;5;241;43m0[39;49m[43m,[49m[43m [49m[43mmajor[49m[38;5;241;43m=[39;49m[43mmajor[49m[43m,[49m[43m [49m[38;5;241;43m*[39;49m[38;5;241;43m*[39;49m[43mtick_kw[49m[43m)[49m

File [0;32m~/.local/share/virtualenvs/jupyterbook-eAO5T2Nm/lib/python3.10/site-packages/matplotlib/axis.py:494[0m, in [0;36mYTick.__init__[0;34m(self, *args, **kwargs)[0m
[1;32m    489[0m [38;5;28mself[39m[38;5;241m.[39mlabel1[38;5;241m.[39mset(
[1;32m    490[0m     x[38;5;241m=[39m[38;5;241m0[39m, y[38;5;241m=[39m[38;5;241m0[39m,
[1;32m    491[0m     verticalalignment[38;5;241m=[39mva, horizontalalignment[38;5;241m=[39mha, transform[38;5;241m=[39mtrans,
[1;32m    492[0m )
[1;32m    493[0m trans, va, ha [38;5;241m=[39m [38;5;28mself[39m[38;5;241m.[39m_get_text2_transform()
[0;32m--> 494[0m [38;5;28;43mself[39;49m[38;5;241;43m.[39;49m[43mlabel2[49m[38;5;241;43m.[39;49m[43mset[49m[43m([49m
[1;32m    495[0m [43m    [49m[43mx[49m[38;5;241;43m=[39;49m[38;5;241;43m1[39;49m[43m,[49m[43m [49m[43my[49m[38;5;241;43m=[39;49m[38;5;241;43m0[39;49m[43m,[49m
[1;32m    496[0m [43m    [49m[43mverticalalignment[49m[38;5;241;43m=[39;49m[43mva[49m[43m,[49m[43m [49m[43mhorizontalalignment[49m[38;5;241;43m=[39;49m[43mha[49m[43m,[49m[43m [49m[43mtransform[49m[38;5;241;43m=[39;49m[43mtrans[49m[43m,[49m
[1;32m    497[0m [43m[49m[43m)[49m

File [0;32m~/.local/share/virtualenvs/jupyterbook-eAO5T2Nm/lib/python3.10/site-packages/matplotlib/artist.py:147[0m, in [0;36mArtist.__init_subclass__.<locals>.<lambda>[0;34m(self, **kwargs)[0m
[1;32m    139[0m [38;5;28;01mif[39;00m [38;5;129;01mnot[39;00m [38;5;28mhasattr[39m([38;5;28mcls[39m[38;5;241m.[39mset, [38;5;124m'[39m[38;5;124m_autogenerated_signature[39m[38;5;124m'[39m):
[1;32m    140[0m     [38;5;66;03m# Don't overwrite cls.set if the subclass or one of its parents[39;00m
[1;32m    141[0m     [38;5;66;03m# has defined a set method set itself.[39;00m
[1;32m    142[0m     [38;5;66;03m# If there was no explicit definition, cls.set is inherited from[39;00m
[1;32m    143[0m     [38;5;66;03m# the hierarchy of auto-generated set methods, which hold the[39;00m
[1;32m    144[0m     [38;5;66;03m# flag _autogenerated_signature.[39;00m
[1;32m    145[0m     [38;5;28;01mreturn[39;00m
[0;32m--> 147[0m [38;5;28mcls[39m[38;5;241m.[39mset [38;5;241m=[39m [38;5;28;01mlambda[39;00m [38;5;28mself[39m, [38;5;241m*[39m[38;5;241m*[39mkwargs: [43mArtist[49m[38;5;241;43m.[39;49m[43mset[49m[43m([49m[38;5;28;43mself[39;49m[43m,[49m[43m [49m[38;5;241;43m*[39;49m[38;5;241;43m*[39;49m[43mkwargs[49m[43m)[49m
[1;32m    148[0m [38;5;28mcls[39m[38;5;241m.[39mset[38;5;241m.[39m[38;5;18m__name__[39m [38;5;241m=[39m [38;5;124m"[39m[38;5;124mset[39m[38;5;124m"[39m
[1;32m    149[0m [38;5;28mcls[39m[38;5;241m.[39mset[38;5;241m.[39m[38;5;18m__qualname__[39m [38;5;241m=[39m [38;5;124mf[39m[38;5;124m"[39m[38;5;132;01m{[39;00m[38;5;28mcls[39m[38;5;241m.[39m[38;5;18m__qualname__[39m[38;5;132;01m}[39;00m[38;5;124m.set[39m[38;5;124m"[39m

File [0;32m~/.local/share/virtualenvs/jupyterbook-eAO5T2Nm/lib/python3.10/site-packages/matplotlib/artist.py:1231[0m, in [0;36mArtist.set[0;34m(self, **kwargs)[0m
[1;32m   1227[0m [38;5;28;01mdef[39;00m [38;5;21mset[39m([38;5;28mself[39m, [38;5;241m*[39m[38;5;241m*[39mkwargs):
[1;32m   1228[0m     [38;5;66;03m# docstring and signature are auto-generated via[39;00m
[1;32m   1229[0m     [38;5;66;03m# Artist._update_set_signature_and_docstring() at the end of the[39;00m
[1;32m   1230[0m     [38;5;66;03m# module.[39;00m
[0;32m-> 1231[0m     [38;5;28;01mreturn[39;00m [38;5;28mself[39m[38;5;241m.[39m_internal_update([43mcbook[49m[38;5;241;43m.[39;49m[43mnormalize_kwargs[49m[43m([49m[43mkwargs[49m[43m,[49m[43m [49m[38;5;28;43mself[39;49m[43m)[49m)

File [0;32m~/.local/share/virtualenvs/jupyterbook-eAO5T2Nm/lib/python3.10/site-packages/matplotlib/cbook/__init__.py:1771[0m, in [0;36mnormalize_kwargs[0;34m(kw, alias_mapping)[0m
[1;32m   1766[0m [38;5;28;01melif[39;00m ([38;5;28misinstance[39m(alias_mapping, [38;5;28mtype[39m) [38;5;129;01mand[39;00m [38;5;28missubclass[39m(alias_mapping, Artist)
[1;32m   1767[0m       [38;5;129;01mor[39;00m [38;5;28misinstance[39m(alias_mapping, Artist)):
[1;32m   1768[0m     alias_mapping [38;5;241m=[39m [38;5;28mgetattr[39m(alias_mapping, [38;5;124m"[39m[38;5;124m_alias_map[39m[38;5;124m"[39m, {})
[1;32m   1770[0m to_canonical [38;5;241m=[39m {alias: canonical
[0;32m-> 1771[0m                 [38;5;28;01mfor[39;00m canonical, alias_list [38;5;129;01min[39;00m [43malias_mapping[49m[38;5;241;43m.[39;49m[43mitems[49m[43m([49m[43m)[49m
[1;32m   1772[0m                 [38;5;28;01mfor[39;00m alias [38;5;129;01min[39;00m alias_list}
[1;32m   1773[0m canonical_to_seen [38;5;241m=[39m {}
[1;32m   1774[0m ret [38;5;241m=[39m {}  [38;5;66;03m# output dictionary[39;00m

[0;31mKeyboardInterrupt[0m: 

